2025-05-28 17:39:52,133 - __main__ - INFO - Starting model training process...
2025-05-28 17:39:52,133 - __main__ - INFO - Loading dataset...
2025-05-28 17:39:54,117 - __main__ - INFO - Dataset loaded successfully. Shape: (284807, 31)
2025-05-28 17:39:54,117 - __main__ - INFO - Initializing model...
2025-05-28 17:39:54,118 - __main__ - INFO - Preprocessing data...
2025-05-28 17:39:55,373 - __main__ - INFO - Data preprocessed. Features shape: (283726, 1, 30)
2025-05-28 17:39:55,375 - __main__ - INFO - Balancing dataset...
2025-05-28 17:39:55,962 - __main__ - INFO - Data balanced. New shape: (566506, 1, 30)
2025-05-28 17:39:55,963 - __main__ - INFO - Splitting data into train and validation sets...
2025-05-28 17:39:56,307 - __main__ - INFO - Data split complete. Train shape: (453204, 1, 30), Validation shape: (113302, 1, 30)
2025-05-28 17:39:56,308 - __main__ - INFO - Building model architecture...
2025-05-28 17:39:57,852 - __main__ - INFO - Starting model training...
2025-05-28 17:41:46,810 - tensorflow - INFO - Assets written to: bilstm_fraud_detection_v1.0.0\assets
2025-05-28 17:43:14,270 - tensorflow - INFO - Assets written to: bilstm_fraud_detection_v1.0.0\assets
2025-05-28 17:44:44,552 - tensorflow - INFO - Assets written to: bilstm_fraud_detection_v1.0.0\assets
2025-05-28 17:46:20,882 - tensorflow - INFO - Assets written to: bilstm_fraud_detection_v1.0.0\assets
2025-05-28 17:48:05,672 - tensorflow - INFO - Assets written to: bilstm_fraud_detection_v1.0.0\assets
2025-05-28 17:50:11,188 - tensorflow - INFO - Assets written to: bilstm_fraud_detection_v1.0.0\assets
2025-05-28 17:52:18,702 - tensorflow - INFO - Assets written to: bilstm_fraud_detection_v1.0.0\assets
2025-05-28 17:54:28,136 - tensorflow - INFO - Assets written to: bilstm_fraud_detection_v1.0.0\assets
2025-05-28 17:56:42,014 - tensorflow - INFO - Assets written to: bilstm_fraud_detection_v1.0.0\assets
2025-05-28 17:58:41,602 - tensorflow - INFO - Assets written to: bilstm_fraud_detection_v1.0.0\assets
2025-05-28 18:02:34,434 - tensorflow - INFO - Assets written to: bilstm_fraud_detection_v1.0.0\assets
2025-05-28 18:15:43,230 - __main__ - INFO - Saving model and artifacts...
2025-05-28 18:16:44,481 - tensorflow - INFO - Assets written to: bilstm_fraud_detection_v1.0.0\assets
2025-05-28 18:16:44,744 - model - INFO - Model saved successfully at bilstm_fraud_detection_v1.0.0
2025-05-28 18:16:44,744 - __main__ - INFO - Training completed successfully!
